SF:/home/lewis/src/seshat-ylk/seshat_cli/src/lib.rs
FN:55,_RINvCs6oNGjdGlfZn_10seshat_cli10parse_argsNtNtCsaa59N1qzrfe_3std3env6ArgsOsNtNtNtBI_3ffi6os_str8OsStringECsdpft2tN5o5A_6seshat
FN:147,_RNvCs6oNGjdGlfZn_10seshat_cli11get_version
FN:116,_RNvCs6oNGjdGlfZn_10seshat_cli7execute
FN:139,_RNvCs6oNGjdGlfZn_10seshat_cli8get_help
FN:14,_RNvXCs6oNGjdGlfZn_10seshat_cliNtB2_5ErrorNtNtCs4kUJL3MZFFz_4core3fmt7Display3fmt
FN:55,_RINvCs6oNGjdGlfZn_10seshat_cli10parse_argsppEB2_
FN:147,_RNvCs8qU5LLOaQ4D_10seshat_cli11get_version
FN:116,_RNvCs8qU5LLOaQ4D_10seshat_cli7execute
FN:139,_RNvCs8qU5LLOaQ4D_10seshat_cli8get_help
FN:14,_RNvXCs8qU5LLOaQ4D_10seshat_cliNtB2_5ErrorNtNtCs4kUJL3MZFFz_4core3fmt7Display3fmt
FN:55,_RINvCs8qU5LLOaQ4D_10seshat_cli10parse_argsINtNtCsauO83Ko6oyK_5alloc3vec3VecNtNtBJ_6string6StringEB1b_EB2_
FN:55,_RINvCs8qU5LLOaQ4D_10seshat_cli10parse_argsINtNtCsauO83Ko6oyK_5alloc3vec3VecNtNtNtCsaa59N1qzrfe_3std3ffi6os_str8OsStringEB1b_EB2_
FN:403,_RNvNtCs8qU5LLOaQ4D_10seshat_cli5testss_16execute_bare_cli
FN:414,_RNvNtCs8qU5LLOaQ4D_10seshat_cli5testss_18execute_help_state
FN:436,_RNvNtCs8qU5LLOaQ4D_10seshat_cli5testss_19execute_error_state
FN:331,_RNvNtCs8qU5LLOaQ4D_10seshat_cli5testss_24execute_minimum_boundary
FN:425,_RNvNtCs8qU5LLOaQ4D_10seshat_cli5testss_24execute_valid_subcommand
FN:212,_RNvNtCs8qU5LLOaQ4D_10seshat_cli5testss_27parse_args_minimum_boundary
FN:376,_RNvNtCs8qU5LLOaQ4D_10seshat_cli5testss_30execute_maximum_valid_boundary
FN:175,_RNvNtCs8qU5LLOaQ4D_10seshat_cli5testss_33get_help_returns_expected_content
FN:342,_RNvNtCs8qU5LLOaQ4D_10seshat_cli5testss_34execute_one_below_minimum_boundary
FN:358,_RNvNtCs8qU5LLOaQ4D_10seshat_cli5testss_36execute_underflow_potential_boundary
FN:169,_RNvNtCs8qU5LLOaQ4D_10seshat_cli5testss_36get_version_returns_expected_content
FN:200,_RNvNtCs8qU5LLOaQ4D_10seshat_cli5testss_37parse_args_one_below_minimum_boundary
FN:226,_RNvNtCs8qU5LLOaQ4D_10seshat_cli5testss_37parse_args_returns_cli_with_help_flag
FN:387,_RNvNtCs8qU5LLOaQ4D_10seshat_cli5testss_39execute_overflow_one_above_max_boundary
FN:282,_RNvNtCs8qU5LLOaQ4D_10seshat_cli5testss_39parse_args_maximum_valid_input_boundary
FN:314,_RNvNtCs8qU5LLOaQ4D_10seshat_cli5testss_39parse_args_underflow_potential_boundary
FN:240,_RNvNtCs8qU5LLOaQ4D_10seshat_cli5testss_40parse_args_returns_cli_with_version_flag
FN:275,_RNvNtCs8qU5LLOaQ4D_10seshat_cli5testss_40parse_args_returns_error_on_unknown_flag
FN:299,_RNvNtCs8qU5LLOaQ4D_10seshat_cli5testss_42parse_args_overflow_one_above_max_boundary
FN:157,_RNvNtCs8qU5LLOaQ4D_10seshat_cli5testss_44error_display_formats_argument_parse_message
FN:254,_RNvNtCs8qU5LLOaQ4D_10seshat_cli5testss_46parse_args_returns_cli_with_a_valid_subcommand
FN:268,_RNvNtCs8qU5LLOaQ4D_10seshat_cli5testss_46parse_args_returns_error_on_unknown_subcommand
FN:163,_RNvNtCs8qU5LLOaQ4D_10seshat_cli5testss_47error_display_formats_command_execution_message
FN:181,_RNvNtCs8qU5LLOaQ4D_10seshat_cli5testss_52parse_args_returns_cli_with_complex_state_subcommand
FNDA:9,_RINvCs6oNGjdGlfZn_10seshat_cli10parse_argsNtNtCsaa59N1qzrfe_3std3env6ArgsOsNtNtNtBI_3ffi6os_str8OsStringECsdpft2tN5o5A_6seshat
FNDA:1,_RNvCs6oNGjdGlfZn_10seshat_cli11get_version
FNDA:4,_RNvCs6oNGjdGlfZn_10seshat_cli7execute
FNDA:1,_RNvCs6oNGjdGlfZn_10seshat_cli8get_help
FNDA:4,_RNvXCs6oNGjdGlfZn_10seshat_cliNtB2_5ErrorNtNtCs4kUJL3MZFFz_4core3fmt7Display3fmt
FNDA:0,_RINvCs6oNGjdGlfZn_10seshat_cli10parse_argsppEB2_
FNDA:1,_RNvCs8qU5LLOaQ4D_10seshat_cli11get_version
FNDA:9,_RNvCs8qU5LLOaQ4D_10seshat_cli7execute
FNDA:1,_RNvCs8qU5LLOaQ4D_10seshat_cli8get_help
FNDA:2,_RNvXCs8qU5LLOaQ4D_10seshat_cliNtB2_5ErrorNtNtCs4kUJL3MZFFz_4core3fmt7Display3fmt
FNDA:257,_RINvCs8qU5LLOaQ4D_10seshat_cli10parse_argsINtNtCsauO83Ko6oyK_5alloc3vec3VecNtNtBJ_6string6StringEB1b_EB2_
FNDA:11,_RINvCs8qU5LLOaQ4D_10seshat_cli10parse_argsINtNtCsauO83Ko6oyK_5alloc3vec3VecNtNtNtCsaa59N1qzrfe_3std3ffi6os_str8OsStringEB1b_EB2_
FNDA:1,_RNvNtCs8qU5LLOaQ4D_10seshat_cli5testss_16execute_bare_cli
FNDA:1,_RNvNtCs8qU5LLOaQ4D_10seshat_cli5testss_18execute_help_state
FNDA:1,_RNvNtCs8qU5LLOaQ4D_10seshat_cli5testss_19execute_error_state
FNDA:1,_RNvNtCs8qU5LLOaQ4D_10seshat_cli5testss_24execute_minimum_boundary
FNDA:1,_RNvNtCs8qU5LLOaQ4D_10seshat_cli5testss_24execute_valid_subcommand
FNDA:1,_RNvNtCs8qU5LLOaQ4D_10seshat_cli5testss_27parse_args_minimum_boundary
FNDA:1,_RNvNtCs8qU5LLOaQ4D_10seshat_cli5testss_30execute_maximum_valid_boundary
FNDA:1,_RNvNtCs8qU5LLOaQ4D_10seshat_cli5testss_33get_help_returns_expected_content
FNDA:1,_RNvNtCs8qU5LLOaQ4D_10seshat_cli5testss_34execute_one_below_minimum_boundary
FNDA:1,_RNvNtCs8qU5LLOaQ4D_10seshat_cli5testss_36execute_underflow_potential_boundary
FNDA:1,_RNvNtCs8qU5LLOaQ4D_10seshat_cli5testss_36get_version_returns_expected_content
FNDA:1,_RNvNtCs8qU5LLOaQ4D_10seshat_cli5testss_37parse_args_one_below_minimum_boundary
FNDA:1,_RNvNtCs8qU5LLOaQ4D_10seshat_cli5testss_37parse_args_returns_cli_with_help_flag
FNDA:1,_RNvNtCs8qU5LLOaQ4D_10seshat_cli5testss_39execute_overflow_one_above_max_boundary
FNDA:1,_RNvNtCs8qU5LLOaQ4D_10seshat_cli5testss_39parse_args_maximum_valid_input_boundary
FNDA:1,_RNvNtCs8qU5LLOaQ4D_10seshat_cli5testss_39parse_args_underflow_potential_boundary
FNDA:1,_RNvNtCs8qU5LLOaQ4D_10seshat_cli5testss_40parse_args_returns_cli_with_version_flag
FNDA:1,_RNvNtCs8qU5LLOaQ4D_10seshat_cli5testss_40parse_args_returns_error_on_unknown_flag
FNDA:1,_RNvNtCs8qU5LLOaQ4D_10seshat_cli5testss_42parse_args_overflow_one_above_max_boundary
FNDA:1,_RNvNtCs8qU5LLOaQ4D_10seshat_cli5testss_44error_display_formats_argument_parse_message
FNDA:1,_RNvNtCs8qU5LLOaQ4D_10seshat_cli5testss_46parse_args_returns_cli_with_a_valid_subcommand
FNDA:1,_RNvNtCs8qU5LLOaQ4D_10seshat_cli5testss_46parse_args_returns_error_on_unknown_subcommand
FNDA:1,_RNvNtCs8qU5LLOaQ4D_10seshat_cli5testss_47error_display_formats_command_execution_message
FNDA:1,_RNvNtCs8qU5LLOaQ4D_10seshat_cli5testss_52parse_args_returns_cli_with_complex_state_subcommand
FNF:29
FNH:29
DA:14,6
DA:15,6
DA:16,6
DA:18,6
DA:55,277
DA:56,277
DA:57,277
DA:58,277
DA:60,277
DA:61,277
DA:62,7
DA:63,7
DA:64,7
DA:65,270
DA:66,270
DA:67,2
DA:68,2
DA:69,2
DA:70,268
DA:72,268
DA:73,9
DA:74,9
DA:75,2
DA:76,1
DA:77,1
DA:78,1
DA:80,5
DA:82,9
DA:83,9
DA:84,9
DA:85,9
DA:86,9
DA:88,259
DA:89,259
DA:90,3
DA:91,3
DA:92,3
DA:93,3
DA:94,3
DA:95,256
DA:96,2
DA:97,2
DA:98,2
DA:99,2
DA:100,2
DA:102,254
DA:103,254
DA:104,254
DA:105,254
DA:106,2
DA:107,2
DA:108,252
DA:109,254
DA:113,277
DA:116,13
DA:117,9
DA:118,2
DA:119,2
DA:120,2
DA:121,5
DA:122,5
DA:123,2
DA:124,2
DA:125,2
DA:126,3
DA:127,1
DA:128,1
DA:129,1
DA:131,2
DA:134,6
DA:136,13
DA:139,2
DA:141,2
DA:142,2
DA:143,2
DA:144,2
DA:147,2
DA:149,2
DA:150,2
DA:157,1
DA:158,1
DA:159,1
DA:160,1
DA:163,1
DA:164,1
DA:165,1
DA:166,1
DA:169,1
DA:170,1
DA:171,1
DA:172,1
DA:175,1
DA:176,1
DA:177,1
DA:178,1
DA:181,1
DA:182,1
DA:183,1
DA:184,1
DA:185,1
DA:186,1
DA:188,1
DA:189,1
DA:197,1
DA:200,1
DA:201,1
DA:202,1
DA:203,1
DA:205,1
DA:206,1
DA:207,1
DA:209,1
DA:212,1
DA:213,1
DA:214,1
DA:215,1
DA:223,1
DA:226,1
DA:227,1
DA:228,1
DA:229,1
DA:237,1
DA:240,1
DA:241,1
DA:242,1
DA:243,1
DA:251,1
DA:254,1
DA:255,1
DA:256,1
DA:257,1
DA:265,1
DA:268,1
DA:269,1
DA:270,1
DA:271,1
DA:272,1
DA:275,1
DA:276,1
DA:277,1
DA:278,1
DA:279,1
DA:282,1
DA:283,1
DA:284,65534
DA:285,65534
DA:286,65534
DA:287,1
DA:288,1
DA:296,1
DA:299,1
DA:300,1
DA:301,65535
DA:302,65535
DA:303,65535
DA:304,1
DA:305,1
DA:307,1
DA:308,1
DA:309,1
DA:311,1
DA:314,1
DA:315,1
DA:316,1
DA:317,1
DA:318,1
DA:319,1
DA:321,1
DA:322,1
DA:324,1
DA:325,1
DA:326,1
DA:328,1
DA:331,1
DA:332,1
DA:333,1
DA:334,1
DA:335,1
DA:336,1
DA:337,1
DA:338,1
DA:339,1
DA:342,1
DA:343,1
DA:344,1
DA:345,1
DA:346,1
DA:347,1
DA:348,1
DA:349,1
DA:351,1
DA:352,1
DA:353,1
DA:355,1
DA:358,1
DA:359,1
DA:360,1
DA:361,1
DA:362,1
DA:363,1
DA:364,1
DA:365,1
DA:366,1
DA:367,1
DA:369,1
DA:370,1
DA:371,1
DA:373,1
DA:376,1
DA:377,1
DA:378,1
DA:379,1
DA:380,1
DA:381,1
DA:382,1
DA:383,1
DA:384,1
DA:387,1
DA:388,1
DA:389,1
DA:390,1
DA:391,1
DA:392,1
DA:393,1
DA:394,1
DA:396,1
DA:397,1
DA:398,1
DA:400,1
DA:403,1
DA:404,1
DA:405,1
DA:406,1
DA:407,1
DA:408,1
DA:409,1
DA:410,1
DA:411,1
DA:414,1
DA:415,1
DA:416,1
DA:417,1
DA:418,1
DA:419,1
DA:420,1
DA:421,1
DA:422,1
DA:425,1
DA:426,1
DA:427,1
DA:428,1
DA:429,1
DA:430,1
DA:431,1
DA:432,1
DA:433,1
DA:436,1
DA:437,1
DA:438,1
DA:439,1
DA:440,1
DA:441,1
DA:442,1
DA:443,1
DA:445,1
DA:446,1
DA:447,1
DA:449,1
BRF:0
BRH:0
LF:268
LH:267
end_of_record
SF:/home/lewis/src/seshat-ylk/seshat_cli/src/main.rs
FN:3,_RNvCsdpft2tN5o5A_6seshat4main
FN:3,_RNvCs9PfTLQrpNkH_6seshat4main
FNDA:9,_RNvCsdpft2tN5o5A_6seshat4main
FNDA:0,_RNvCs9PfTLQrpNkH_6seshat4main
FNF:1
FNH:1
DA:3,9
DA:4,9
DA:5,9
DA:6,6
DA:7,6
DA:8,1
DA:9,1
DA:10,5
DA:11,5
DA:12,1
DA:13,1
DA:14,4
DA:15,4
DA:16,3
DA:17,1
DA:18,1
DA:19,1
DA:23,3
DA:24,3
DA:25,3
DA:28,9
BRF:0
BRH:0
LF:21
LH:21
end_of_record